<?xml version="1.0" encoding="UTF-8"?>
<testng-results ignored="0" total="1" passed="1" failed="0" skipped="0">
  <reporter-output>
  </reporter-output>
  <suite started-at="2025-11-02T17:16:53 IST" name="Surefire suite" finished-at="2025-11-02T17:16:58 IST" duration-ms="4534">
    <groups>
    </groups>
    <test started-at="2025-11-02T17:16:53 IST" name="Surefire test" finished-at="2025-11-02T17:16:58 IST" duration-ms="4534">
      <class name="api.test.DataDrivenTest">
        <test-method signature="deleteUsers(java.lang.String)[pri:2, instance:api.test.DataDrivenTest@12d3a4e9]" started-at="2025-11-02T17:16:54 IST" name="deleteUsers" data-provider="username" finished-at="2025-11-02T17:16:58 IST" duration-ms="3898" status="PASS">
          <params>
            <param index="0">
              <value>
                <![CDATA[ethdrh]]>
              </value>
            </param>
          </params>
          <reporter-output>
          </reporter-output>
        </test-method> <!-- deleteUsers -->
      </class> <!-- api.test.DataDrivenTest -->
    </test> <!-- Surefire test -->
  </suite> <!-- Surefire suite -->
</testng-results>
