<?xml version="1.0" encoding="UTF-8"?>
<!-- Generated by org.testng.reporters.JUnitReportReporter -->
<testsuite hostname="Abhishek" failures="0" tests="4" name="api.test.UserTest" time="8.076" errors="0" timestamp="2025-10-29T22:12:12 IST" skipped="0">
  <testcase classname="api.test.UserTest" name="createUser" time="2.406"/>
  <testcase classname="api.test.UserTest" name="getUser" time="1.546"/>
  <testcase classname="api.test.UserTest" name="updateUser" time="2.253"/>
  <testcase classname="api.test.UserTest" name="deleteUser" time="1.871"/>
</testsuite> <!-- api.test.UserTest -->
